# JRE version: OpenJDK Runtime Environment (8.0_242-b01) (build 1.8.0_242-release-1644-b01)
# Java VM: OpenJDK 64-Bit Server VM (25.242-b01 mixed mode windows-amd64 compressed oops)
Heap:
 PSYoungGen      total 202752K, used 85671K [0x00000000d5580000, 0x00000000e5f80000, 0x0000000100000000)
  eden space 189952K, 45% used [0x00000000d5580000,0x00000000da929e90,0x00000000e0f00000)
  from space 12800K, 0% used [0x00000000e0f00000,0x00000000e0f00000,0x00000000e1b80000)
  to   space 19456K, 0% used [0x00000000e4c80000,0x00000000e4c80000,0x00000000e5f80000)
 ParOldGen       total 226816K, used 39755K [0x0000000080000000, 0x000000008dd80000, 0x00000000d5580000)
  object space 226816K, 17% used [0x0000000080000000,0x00000000826d2c60,0x000000008dd80000)
 Metaspace       used 61560K, capacity 63680K, committed 63920K, reserved 1103872K
  class space    used 8251K, capacity 8727K, committed 8880K, reserved 1048576K
GC Heap History (10 events):
Event: 4.803 GC heap before
{Heap before GC invocations=10 (full 2):
 PSYoungGen      total 116736K, used 104960K [0x00000000d5580000, 0x00000000e1480000, 0x0000000100000000)
  eden space 104960K, 100% used [0x00000000d5580000,0x00000000dbc00000,0x00000000dbc00000)
  from space 11776K, 0% used [0x00000000dbc00000,0x00000000dbc00000,0x00000000dc780000)
  to   space 11776K, 0% used [0x00000000e0900000,0x00000000e0900000,0x00000000e1480000)
 ParOldGen       total 145408K, used 14560K [0x0000000080000000, 0x0000000088e00000, 0x00000000d5580000)
  object space 145408K, 10% used [0x0000000080000000,0x0000000080e38378,0x0000000088e00000)
 Metaspace       used 34703K, capacity 35626K, committed 35888K, reserved 1081344K
  class space    used 4602K, capacity 4881K, committed 4912K, reserved 1048576K
Event: 4.807 GC heap after
Heap after GC invocations=10 (full 2):
 PSYoungGen      total 156672K, used 3542K [0x00000000d5580000, 0x00000000e0c80000, 0x0000000100000000)
  eden space 153088K, 0% used [0x00000000d5580000,0x00000000d5580000,0x00000000deb00000)
  from space 3584K, 98% used [0x00000000e0900000,0x00000000e0c75ba8,0x00000000e0c80000)
  to   space 12288K, 0% used [0x00000000df480000,0x00000000df480000,0x00000000e0080000)
 ParOldGen       total 145408K, used 14568K [0x0000000080000000, 0x0000000088e00000, 0x00000000d5580000)
  object space 145408K, 10% used [0x0000000080000000,0x0000000080e3a378,0x0000000088e00000)
 Metaspace       used 34703K, capacity 35626K, committed 35888K, reserved 1081344K
  class space    used 4602K, capacity 4881K, committed 4912K, reserved 1048576K
}
Event: 5.682 GC heap before
{Heap before GC invocations=11 (full 2):
 PSYoungGen      total 156672K, used 156630K [0x00000000d5580000, 0x00000000e0c80000, 0x0000000100000000)
  eden space 153088K, 100% used [0x00000000d5580000,0x00000000deb00000,0x00000000deb00000)
  from space 3584K, 98% used [0x00000000e0900000,0x00000000e0c75ba8,0x00000000e0c80000)
  to   space 12288K, 0% used [0x00000000df480000,0x00000000df480000,0x00000000e0080000)
 ParOldGen       total 145408K, used 14568K [0x0000000080000000, 0x0000000088e00000, 0x00000000d5580000)
  object space 145408K, 10% used [0x0000000080000000,0x0000000080e3a378,0x0000000088e00000)
 Metaspace       used 34709K, capacity 35626K, committed 35888K, reserved 1081344K
  class space    used 4602K, capacity 4881K, committed 4912K, reserved 1048576K
Event: 5.687 GC heap after
Heap after GC invocations=11 (full 2):
 PSYoungGen      total 175104K, used 8347K [0x00000000d5580000, 0x00000000e2700000, 0x0000000100000000)
  eden space 162816K, 0% used [0x00000000d5580000,0x00000000d5580000,0x00000000df480000)
  from space 12288K, 67% used [0x00000000df480000,0x00000000dfca6e18,0x00000000e0080000)
  to   space 11776K, 0% used [0x00000000e1b80000,0x00000000e1b80000,0x00000000e2700000)
 ParOldGen       total 145408K, used 14576K [0x0000000080000000, 0x0000000088e00000, 0x00000000d5580000)
  object space 145408K, 10% used [0x0000000080000000,0x0000000080e3c378,0x0000000088e00000)
 Metaspace       used 34709K, capacity 35626K, committed 35888K, reserved 1081344K
  class space    used 4602K, capacity 4881K, committed 4912K, reserved 1048576K
}
Event: 6.786 GC heap before
{Heap before GC invocations=12 (full 2):
 PSYoungGen      total 175104K, used 171163K [0x00000000d5580000, 0x00000000e2700000, 0x0000000100000000)
  eden space 162816K, 100% used [0x00000000d5580000,0x00000000df480000,0x00000000df480000)
  from space 12288K, 67% used [0x00000000df480000,0x00000000dfca6e18,0x00000000e0080000)
  to   space 11776K, 0% used [0x00000000e1b80000,0x00000000e1b80000,0x00000000e2700000)
 ParOldGen       total 145408K, used 14576K [0x0000000080000000, 0x0000000088e00000, 0x00000000d5580000)
  object space 145408K, 10% used [0x0000000080000000,0x0000000080e3c378,0x0000000088e00000)
 Metaspace       used 40539K, capacity 42006K, committed 42160K, reserved 1085440K
  class space    used 5451K, capacity 5782K, committed 5808K, reserved 1048576K
Event: 6.794 GC heap after
Heap after GC invocations=12 (full 2):
 PSYoungGen      total 201728K, used 11163K [0x00000000d5580000, 0x00000000e3180000, 0x0000000100000000)
  eden space 189952K, 0% used [0x00000000d5580000,0x00000000d5580000,0x00000000e0f00000)
  from space 11776K, 94% used [0x00000000e1b80000,0x00000000e2666c58,0x00000000e2700000)
  to   space 12800K, 0% used [0x00000000e0f00000,0x00000000e0f00000,0x00000000e1b80000)
 ParOldGen       total 145408K, used 14584K [0x0000000080000000, 0x0000000088e00000, 0x00000000d5580000)
  object space 145408K, 10% used [0x0000000080000000,0x0000000080e3e378,0x0000000088e00000)
 Metaspace       used 40539K, capacity 42006K, committed 42160K, reserved 1085440K
  class space    used 5451K, capacity 5782K, committed 5808K, reserved 1048576K
}
Event: 8.571 GC heap before
{Heap before GC invocations=13 (full 2):
 PSYoungGen      total 201728K, used 188441K [0x00000000d5580000, 0x00000000e3180000, 0x0000000100000000)
  eden space 189952K, 93% used [0x00000000d5580000,0x00000000e029f890,0x00000000e0f00000)
  from space 11776K, 94% used [0x00000000e1b80000,0x00000000e2666c58,0x00000000e2700000)
  to   space 12800K, 0% used [0x00000000e0f00000,0x00000000e0f00000,0x00000000e1b80000)
 ParOldGen       total 145408K, used 14584K [0x0000000080000000, 0x0000000088e00000, 0x00000000d5580000)
  object space 145408K, 10% used [0x0000000080000000,0x0000000080e3e378,0x0000000088e00000)
 Metaspace       used 57001K, capacity 59112K, committed 59160K, reserved 1099776K
  class space    used 7603K, capacity 8099K, committed 8112K, reserved 1048576K
Event: 8.598 GC heap after
Heap after GC invocations=13 (full 2):
 PSYoungGen      total 202752K, used 12796K [0x00000000d5580000, 0x00000000e5f80000, 0x0000000100000000)
  eden space 189952K, 0% used [0x00000000d5580000,0x00000000d5580000,0x00000000e0f00000)
  from space 12800K, 99% used [0x00000000e0f00000,0x00000000e1b7f320,0x00000000e1b80000)
  to   space 19456K, 0% used [0x00000000e4c80000,0x00000000e4c80000,0x00000000e5f80000)
 ParOldGen       total 145408K, used 29431K [0x0000000080000000, 0x0000000088e00000, 0x00000000d5580000)
  object space 145408K, 20% used [0x0000000080000000,0x0000000081cbdf00,0x0000000088e00000)
 Metaspace       used 57001K, capacity 59112K, committed 59160K, reserved 1099776K
  class space    used 7603K, capacity 8099K, committed 8112K, reserved 1048576K
}
Event: 8.598 GC heap before
{Heap before GC invocations=14 (full 3):
 PSYoungGen      total 202752K, used 12796K [0x00000000d5580000, 0x00000000e5f80000, 0x0000000100000000)
  eden space 189952K, 0% used [0x00000000d5580000,0x00000000d5580000,0x00000000e0f00000)
  from space 12800K, 99% used [0x00000000e0f00000,0x00000000e1b7f320,0x00000000e1b80000)
  to   space 19456K, 0% used [0x00000000e4c80000,0x00000000e4c80000,0x00000000e5f80000)
 ParOldGen       total 145408K, used 29431K [0x0000000080000000, 0x0000000088e00000, 0x00000000d5580000)
  object space 145408K, 20% used [0x0000000080000000,0x0000000081cbdf00,0x0000000088e00000)
 Metaspace       used 57001K, capacity 59112K, committed 59160K, reserved 1099776K
  class space    used 7603K, capacity 8099K, committed 8112K, reserved 1048576K
Event: 8.774 GC heap after
Heap after GC invocations=14 (full 3):
 PSYoungGen      total 202752K, used 0K [0x00000000d5580000, 0x00000000e5f80000, 0x0000000100000000)
  eden space 189952K, 0% used [0x00000000d5580000,0x00000000d5580000,0x00000000e0f00000)
  from space 12800K, 0% used [0x00000000e0f00000,0x00000000e0f00000,0x00000000e1b80000)
  to   space 19456K, 0% used [0x00000000e4c80000,0x00000000e4c80000,0x00000000e5f80000)
 ParOldGen       total 226816K, used 39755K [0x0000000080000000, 0x000000008dd80000, 0x00000000d5580000)
  object space 226816K, 17% used [0x0000000080000000,0x00000000826d2c60,0x000000008dd80000)
 Metaspace       used 56880K, capacity 58834K, committed 59160K, reserved 1099776K
  class space    used 7569K, capacity 8057K, committed 8112K, reserved 1048576K
}

